08/02/2021 10:57:07 INFO uninsubria.cognitivcomplexity.CognitiveComplexity--> Creating compilation unit for StatementAnalizer.java 
08/02/2021 10:57:07 INFO uninsubria.cognitivcomplexity.CognitiveComplexity--> START analyzing file StatementAnalizer.java 
08/02/2021 10:57:07 INFO uninsubria.cognitivcomplexity.CognitiveComplexity--> Creating CSV file with calculation results
08/02/2021 10:57:07 INFO uninsubria.cognitivcomplexity.CognitiveComplexity--> CSV file created.
08/02/2021 16:46:40 INFO uninsubria.cognitivecomplexity.CognitiveComplexity--> Creating compilation unit for StatementAnalizer.java 
08/02/2021 16:46:40 INFO uninsubria.cognitivecomplexity.CognitiveComplexity--> START analyzing file StatementAnalizer.java 
08/02/2021 16:46:40 INFO uninsubria.cognitivecomplexity.CognitiveComplexity--> Creating CSV file with calculation results
08/02/2021 16:46:40 INFO uninsubria.cognitivecomplexity.CognitiveComplexity--> CSV file created.
08/02/2021 16:46:54 INFO uninsubria.cognitivecomplexity.CognitiveComplexity--> Creating compilation unit for StatementAnalizer.java 
08/02/2021 16:46:55 INFO uninsubria.cognitivecomplexity.CognitiveComplexity--> START analyzing file StatementAnalizer.java 
08/02/2021 16:46:55 INFO uninsubria.cognitivecomplexity.CognitiveComplexity--> Creating CSV file with calculation results
08/02/2021 16:46:55 INFO uninsubria.cognitivecomplexity.CognitiveComplexity--> CSV file created.
08/02/2021 17:40:16 INFO uninsubria.cognitivecomplexity.CognitiveComplexity--> Creating compilation unit for StatementAnalizer.java 
08/02/2021 17:40:17 INFO uninsubria.cognitivecomplexity.CognitiveComplexity--> START analyzing file StatementAnalizer.java 
08/02/2021 17:40:17 INFO uninsubria.cognitivecomplexity.CognitiveComplexity--> Creating CSV file with calculation results
08/02/2021 17:40:17 INFO uninsubria.cognitivecomplexity.CognitiveComplexity--> CSV file created.
08/02/2021 17:41:26 INFO uninsubria.cognitivecomplexity.CognitiveComplexity--> Creating compilation unit for StatementAnalizer.java 
08/02/2021 17:41:27 INFO uninsubria.cognitivecomplexity.CognitiveComplexity--> START analyzing file StatementAnalizer.java 
08/02/2021 17:41:27 INFO uninsubria.cognitivecomplexity.CognitiveComplexity--> Creating CSV file with calculation results
08/02/2021 17:41:27 INFO uninsubria.cognitivecomplexity.CognitiveComplexity--> CSV file created.
08/02/2021 17:59:38 INFO uninsubria.cognitivecomplexity.CognitiveComplexity--> File with specified name not exist! Verify that the name is correct: StatementAnalizer.java and locate file in the same directory that a project
08/02/2021 17:59:49 INFO uninsubria.cognitivecomplexity.CognitiveComplexity--> Creating compilation unit for StatementAnalizer.java 
08/02/2021 17:59:49 INFO uninsubria.cognitivecomplexity.CognitiveComplexity--> START analyzing file StatementAnalizer.java 
08/02/2021 17:59:49 INFO uninsubria.cognitivecomplexity.CognitiveComplexity--> Creating CSV file with calculation results
08/02/2021 17:59:49 INFO uninsubria.cognitivecomplexity.CognitiveComplexity--> CSV file created.
