09/02/2021 08:41:02 INFO uninsubria.cognitivecomplexity.CognitiveComplexity--> Creating compilation unit for StatementAnalizer.java 
09/02/2021 08:41:02 INFO uninsubria.cognitivecomplexity.CognitiveComplexity--> START analyzing file StatementAnalizer.java 
09/02/2021 08:41:02 INFO uninsubria.cognitivecomplexity.CognitiveComplexity--> Creating CSV file with calculation results
09/02/2021 08:41:02 INFO uninsubria.cognitivecomplexity.CognitiveComplexity--> CSV file created.
09/02/2021 08:47:55 INFO uninsubria.cognitivecomplexity.CognitiveComplexity--> Creating compilation unit for StatementAnalizer.java 
09/02/2021 08:47:56 INFO uninsubria.cognitivecomplexity.CognitiveComplexity--> START analyzing file StatementAnalizer.java 
09/02/2021 08:47:56 INFO uninsubria.cognitivecomplexity.CognitiveComplexity--> Creating CSV file with calculation results
09/02/2021 08:48:27 INFO uninsubria.cognitivecomplexity.CognitiveComplexity--> Creating compilation unit for StatementAnalizer.java 
09/02/2021 08:48:27 INFO uninsubria.cognitivecomplexity.CognitiveComplexity--> START analyzing file StatementAnalizer.java 
09/02/2021 08:48:27 INFO uninsubria.cognitivecomplexity.CognitiveComplexity--> Creating CSV file with calculation results
09/02/2021 08:49:11 INFO uninsubria.cognitivecomplexity.CognitiveComplexity--> Creating compilation unit for StatementAnalizer.java 
09/02/2021 08:49:11 INFO uninsubria.cognitivecomplexity.CognitiveComplexity--> START analyzing file StatementAnalizer.java 
09/02/2021 08:49:11 INFO uninsubria.cognitivecomplexity.CognitiveComplexity--> Creating CSV file with calculation results
09/02/2021 08:50:14 INFO uninsubria.cognitivecomplexity.CognitiveComplexity--> Creating compilation unit for StatementAnalizer.java 
09/02/2021 08:50:15 INFO uninsubria.cognitivecomplexity.CognitiveComplexity--> START analyzing file StatementAnalizer.java 
09/02/2021 08:50:15 INFO uninsubria.cognitivecomplexity.CognitiveComplexity--> Creating CSV file with calculation results
09/02/2021 08:50:15 INFO uninsubria.cognitivecomplexity.CognitiveComplexity--> CSV file created.
09/02/2021 08:51:04 INFO uninsubria.cognitivecomplexity.CognitiveComplexity--> Creating compilation unit for StatementAnalizer.java 
09/02/2021 08:51:05 INFO uninsubria.cognitivecomplexity.CognitiveComplexity--> START analyzing file StatementAnalizer.java 
09/02/2021 08:51:05 INFO uninsubria.cognitivecomplexity.CognitiveComplexity--> Creating CSV file with calculation results
09/02/2021 08:51:05 INFO uninsubria.cognitivecomplexity.CognitiveComplexity--> CSV file created.
09/02/2021 08:51:23 INFO uninsubria.cognitivecomplexity.CognitiveComplexity--> Creating compilation unit for StatementAnalizer.java 
09/02/2021 08:51:23 INFO uninsubria.cognitivecomplexity.CognitiveComplexity--> START analyzing file StatementAnalizer.java 
09/02/2021 08:51:23 INFO uninsubria.cognitivecomplexity.CognitiveComplexity--> Creating CSV file with calculation results
09/02/2021 08:51:23 INFO uninsubria.cognitivecomplexity.CognitiveComplexity--> CSV file created.
09/02/2021 08:51:44 INFO uninsubria.cognitivecomplexity.CognitiveComplexity--> Creating compilation unit for StatementAnalizer.java 
09/02/2021 08:51:45 INFO uninsubria.cognitivecomplexity.CognitiveComplexity--> START analyzing file StatementAnalizer.java 
09/02/2021 08:51:45 INFO uninsubria.cognitivecomplexity.CognitiveComplexity--> Creating CSV file with calculation results
09/02/2021 08:51:45 INFO uninsubria.cognitivecomplexity.CognitiveComplexity--> CSV file created.
09/02/2021 08:55:47 INFO uninsubria.cognitivecomplexity.CognitiveComplexity--> Creating compilation unit for StatementAnalizer1.java 
09/02/2021 08:59:50 INFO uninsubria.cognitivecomplexity.CognitiveComplexity--> Creating compilation unit for StatementAnalizer2.java 
09/02/2021 08:59:50 INFO uninsubria.cognitivecomplexity.CognitiveComplexity--> START analyzing file StatementAnalizer2.java 
09/02/2021 08:59:50 INFO uninsubria.cognitivecomplexity.CognitiveComplexity--> Creating CSV file with calculation results
09/02/2021 08:59:50 INFO uninsubria.cognitivecomplexity.CognitiveComplexity--> CSV file created.
09/02/2021 09:00:58 INFO uninsubria.cognitivecomplexity.CognitiveComplexity--> Creating compilation unit for StatementAnalizer2.java 
09/02/2021 09:00:58 INFO uninsubria.cognitivecomplexity.CognitiveComplexity--> START analyzing file StatementAnalizer2.java 
09/02/2021 09:00:58 INFO uninsubria.cognitivecomplexity.CognitiveComplexity--> Creating CSV file with calculation results
09/02/2021 09:00:58 INFO uninsubria.cognitivecomplexity.CognitiveComplexity--> CSV file created.
09/02/2021 09:01:55 INFO uninsubria.cognitivecomplexity.CognitiveComplexity--> Creating compilation unit for StatementAnalizer2.java 
09/02/2021 09:01:55 INFO uninsubria.cognitivecomplexity.CognitiveComplexity--> START analyzing file StatementAnalizer2.java 
09/02/2021 09:01:55 INFO uninsubria.cognitivecomplexity.CognitiveComplexity--> Creating CSV file with calculation results
09/02/2021 09:02:01 INFO uninsubria.cognitivecomplexity.CognitiveComplexity--> Creating compilation unit for StatementAnalizer2.java 
09/02/2021 09:02:02 INFO uninsubria.cognitivecomplexity.CognitiveComplexity--> START analyzing file StatementAnalizer2.java 
09/02/2021 09:02:02 INFO uninsubria.cognitivecomplexity.CognitiveComplexity--> Creating CSV file with calculation results
09/02/2021 09:02:02 INFO uninsubria.cognitivecomplexity.CognitiveComplexity--> CSV file created.
09/02/2021 09:05:12 INFO uninsubria.cognitivecomplexity.CognitiveComplexity--> Creating compilation unit for StatementAnalizer2.java 
09/02/2021 09:05:13 INFO uninsubria.cognitivecomplexity.CognitiveComplexity--> START analyzing file StatementAnalizer2.java 
09/02/2021 09:05:13 INFO uninsubria.cognitivecomplexity.CognitiveComplexity--> Creating CSV file with calculation results
09/02/2021 09:05:13 INFO uninsubria.cognitivecomplexity.CognitiveComplexity--> CSV file created.
09/02/2021 09:05:54 INFO uninsubria.cognitivecomplexity.CognitiveComplexity--> Creating compilation unit for StatementAnalizer2.java 
09/02/2021 09:05:54 INFO uninsubria.cognitivecomplexity.CognitiveComplexity--> START analyzing file StatementAnalizer2.java 
09/02/2021 09:05:54 INFO uninsubria.cognitivecomplexity.CognitiveComplexity--> Creating CSV file with calculation results
09/02/2021 09:05:54 INFO uninsubria.cognitivecomplexity.CognitiveComplexity--> CSV file created.
09/02/2021 09:06:17 INFO uninsubria.cognitivecomplexity.CognitiveComplexity--> Creating compilation unit for StatementAnalizer2.java 
09/02/2021 09:06:18 INFO uninsubria.cognitivecomplexity.CognitiveComplexity--> START analyzing file StatementAnalizer2.java 
09/02/2021 09:06:18 INFO uninsubria.cognitivecomplexity.CognitiveComplexity--> Creating CSV file with calculation results
09/02/2021 09:06:18 INFO uninsubria.cognitivecomplexity.CognitiveComplexity--> CSV file created.
09/02/2021 09:07:28 INFO uninsubria.cognitivecomplexity.CognitiveComplexity--> Creating compilation unit for StatementAnalizer2.java 
09/02/2021 09:07:28 INFO uninsubria.cognitivecomplexity.CognitiveComplexity--> START analyzing file StatementAnalizer2.java 
09/02/2021 09:07:28 INFO uninsubria.cognitivecomplexity.CognitiveComplexity--> Creating CSV file with calculation results
09/02/2021 09:07:28 INFO uninsubria.cognitivecomplexity.CognitiveComplexity--> CSV file created.
09/02/2021 09:32:41 INFO uninsubria.Main--> START
09/02/2021 09:32:41 INFO uninsubria.cognitivecomplexity.CognitiveComplexity--> -----------------------------------------------
09/02/2021 09:32:41 INFO uninsubria.cognitivecomplexity.CognitiveComplexity--> Creating compilation unit for StatementAnalizer2.java 
09/02/2021 09:32:41 INFO uninsubria.cognitivecomplexity.CognitiveComplexity--> START analyzing file StatementAnalizer2.java 
09/02/2021 09:32:41 INFO uninsubria.cognitivecomplexity.CognitiveComplexity--> Creating CSV file with calculation results
09/02/2021 09:32:41 INFO uninsubria.cognitivecomplexity.CognitiveComplexity--> CSV file created
09/02/2021 09:32:41 INFO uninsubria.cognitivecomplexity.CognitiveComplexity--> -----------------------------------------------
09/02/2021 09:32:41 INFO uninsubria.Main--> END
09/02/2021 09:33:49 INFO uninsubria.Main--> START
09/02/2021 09:33:49 INFO uninsubria.Main--> -----------------------------------------------
09/02/2021 09:33:49 INFO uninsubria.cognitivecomplexity.CognitiveComplexity--> Creating compilation unit for StatementAnalizer2.java 
09/02/2021 09:33:49 INFO uninsubria.cognitivecomplexity.CognitiveComplexity--> START analyzing file StatementAnalizer2.java 
09/02/2021 09:33:49 INFO uninsubria.cognitivecomplexity.CognitiveComplexity--> Creating CSV file with calculation results
09/02/2021 09:33:49 INFO uninsubria.cognitivecomplexity.CognitiveComplexity--> CSV file created
09/02/2021 09:33:49 INFO uninsubria.cognitivecomplexity.CognitiveComplexity--> -----------------------------------------------
09/02/2021 09:33:49 INFO uninsubria.Main--> END
09/02/2021 17:15:09 INFO uninsubria.Main--> START
09/02/2021 17:15:09 INFO uninsubria.Main--> -----------------------------------------------
09/02/2021 17:15:09 INFO uninsubria.cognitivecomplexity.CognitiveComplexity--> File with specified name not exist! Verify that the name is correct: StatementAnalizer2.java and locate file in the same directory that a project
09/02/2021 17:15:09 INFO uninsubria.Main--> END
09/02/2021 17:15:28 INFO uninsubria.Main--> START
09/02/2021 17:15:28 INFO uninsubria.Main--> -----------------------------------------------
09/02/2021 17:15:28 INFO uninsubria.cognitivecomplexity.CognitiveComplexity--> Creating compilation unit for StatementAnalizer.java 
09/02/2021 17:15:47 INFO uninsubria.Main--> START
09/02/2021 17:15:47 INFO uninsubria.Main--> -----------------------------------------------
09/02/2021 17:15:47 INFO uninsubria.cognitivecomplexity.CognitiveComplexity--> Creating compilation unit for StatementAnalizer.java 
09/02/2021 17:16:13 INFO uninsubria.Main--> START
09/02/2021 17:16:13 INFO uninsubria.Main--> -----------------------------------------------
09/02/2021 17:16:13 INFO uninsubria.cognitivecomplexity.CognitiveComplexity--> Creating compilation unit for StatementAnalizer.java 
09/02/2021 17:16:24 INFO uninsubria.Main--> START
09/02/2021 17:16:24 INFO uninsubria.Main--> -----------------------------------------------
09/02/2021 17:16:24 INFO uninsubria.cognitivecomplexity.CognitiveComplexity--> Creating compilation unit for StatementAnalizer.java 
09/02/2021 17:16:24 INFO uninsubria.cognitivecomplexity.CognitiveComplexity--> START analyzing file StatementAnalizer.java 
09/02/2021 17:16:24 INFO uninsubria.cognitivecomplexity.CognitiveComplexity--> Creating CSV file with calculation results
09/02/2021 17:16:24 INFO uninsubria.cognitivecomplexity.CognitiveComplexity--> CSV file created
09/02/2021 17:16:24 INFO uninsubria.cognitivecomplexity.CognitiveComplexity--> -----------------------------------------------
09/02/2021 17:16:24 INFO uninsubria.Main--> END
