13/02/2021 09:38:28 INFO uninsubria.Main--> START
13/02/2021 09:38:28 INFO uninsubria.Main--> -----------------------------------------------
13/02/2021 09:38:28 INFO uninsubria.cognitivecomplexity.CognitiveComplexity--> Creating compilation unit for StatementAnalizer.java 
13/02/2021 09:38:29 INFO uninsubria.cognitivecomplexity.CognitiveComplexity--> START analyzing file StatementAnalizer.java 
13/02/2021 09:38:29 INFO uninsubria.cognitivecomplexity.CognitiveComplexity--> Creating CSV file with calculation results
13/02/2021 09:38:29 INFO uninsubria.cognitivecomplexity.CognitiveComplexity--> CSV file created
13/02/2021 09:38:29 INFO uninsubria.cognitivecomplexity.CognitiveComplexity--> -----------------------------------------------
13/02/2021 09:38:29 INFO uninsubria.Main--> END
13/02/2021 09:39:31 INFO uninsubria.Main--> START
13/02/2021 09:39:31 INFO uninsubria.Main--> -----------------------------------------------
13/02/2021 09:39:31 INFO uninsubria.cognitivecomplexity.CognitiveComplexity--> Creating compilation unit for StatementAnalizer.java 
13/02/2021 09:39:31 INFO uninsubria.cognitivecomplexity.CognitiveComplexity--> START analyzing file StatementAnalizer.java 
13/02/2021 09:39:31 INFO uninsubria.cognitivecomplexity.CognitiveComplexity--> Creating CSV file with calculation results
13/02/2021 09:39:31 INFO uninsubria.cognitivecomplexity.CognitiveComplexity--> CSV file created
13/02/2021 09:39:31 INFO uninsubria.cognitivecomplexity.CognitiveComplexity--> -----------------------------------------------
13/02/2021 09:39:31 INFO uninsubria.Main--> END
13/02/2021 09:40:03 INFO uninsubria.Main--> START
13/02/2021 09:40:03 INFO uninsubria.Main--> -----------------------------------------------
13/02/2021 09:40:03 INFO uninsubria.cognitivecomplexity.CognitiveComplexity--> Creating compilation unit for StatementAnalizer.java 
13/02/2021 09:40:03 INFO uninsubria.cognitivecomplexity.CognitiveComplexity--> START analyzing file StatementAnalizer.java 
13/02/2021 09:40:04 INFO uninsubria.cognitivecomplexity.CognitiveComplexity--> Creating CSV file with calculation results
13/02/2021 09:40:04 INFO uninsubria.cognitivecomplexity.CognitiveComplexity--> CSV file created
13/02/2021 09:40:04 INFO uninsubria.cognitivecomplexity.CognitiveComplexity--> -----------------------------------------------
13/02/2021 09:40:04 INFO uninsubria.Main--> END
13/02/2021 09:49:37 INFO uninsubria.Main--> START
13/02/2021 09:49:37 INFO uninsubria.Main--> -----------------------------------------------
13/02/2021 09:49:37 INFO uninsubria.cognitivecomplexity.CognitiveComplexity--> Creating compilation unit for StatementAnalizer.java 
13/02/2021 09:49:38 INFO uninsubria.cognitivecomplexity.CognitiveComplexity--> START analyzing file StatementAnalizer.java 
13/02/2021 09:49:38 INFO uninsubria.cognitivecomplexity.CognitiveComplexity--> Creating CSV file with calculation results
13/02/2021 09:49:38 INFO uninsubria.cognitivecomplexity.CognitiveComplexity--> CSV file created
13/02/2021 09:49:38 INFO uninsubria.cognitivecomplexity.CognitiveComplexity--> -----------------------------------------------
13/02/2021 09:49:38 INFO uninsubria.Main--> END
13/02/2021 09:53:23 INFO uninsubria.Main--> START
13/02/2021 09:53:23 INFO uninsubria.Main--> -----------------------------------------------
13/02/2021 09:53:23 INFO uninsubria.cognitivecomplexity.CognitiveComplexity--> Creating compilation unit for StatementAnalizer.java 
13/02/2021 09:53:23 INFO uninsubria.cognitivecomplexity.CognitiveComplexity--> START analyzing file StatementAnalizer.java 
13/02/2021 09:53:23 INFO uninsubria.cognitivecomplexity.CognitiveComplexity--> Creating CSV file with calculation results
13/02/2021 09:53:23 INFO uninsubria.cognitivecomplexity.CognitiveComplexity--> CSV file created
13/02/2021 09:53:23 INFO uninsubria.cognitivecomplexity.CognitiveComplexity--> -----------------------------------------------
13/02/2021 09:53:23 INFO uninsubria.Main--> END
13/02/2021 09:55:15 INFO uninsubria.Main--> START
13/02/2021 09:55:15 INFO uninsubria.Main--> -----------------------------------------------
13/02/2021 09:55:15 INFO uninsubria.cognitivecomplexity.CognitiveComplexity--> Creating compilation unit for StatementAnalizer.java 
13/02/2021 09:55:16 INFO uninsubria.cognitivecomplexity.CognitiveComplexity--> START analyzing file StatementAnalizer.java 
13/02/2021 09:55:16 INFO uninsubria.cognitivecomplexity.CognitiveComplexity--> Creating CSV file with calculation results
13/02/2021 09:55:16 INFO uninsubria.cognitivecomplexity.CognitiveComplexity--> CSV file created
13/02/2021 09:55:16 INFO uninsubria.cognitivecomplexity.CognitiveComplexity--> -----------------------------------------------
13/02/2021 09:55:16 INFO uninsubria.Main--> END
