27/02/2021 10:46:20 INFO uninsubria.StartApplication--> START
27/02/2021 10:46:20 INFO uninsubria.StartApplication--> -----------------------------------------------
27/02/2021 10:46:20 INFO uninsubria.StartApplication--> Step 1: Enter the path to File or Directory:
27/02/2021 10:46:30 INFO uninsubria.StartApplication--> Directory/File does not exist!
27/02/2021 10:46:30 INFO uninsubria.StartApplication--> Retry (S/N) ?
27/02/2021 10:46:35 INFO uninsubria.StartApplication--> Step 2: Enter the path to the output directory:
27/02/2021 10:46:35 INFO uninsubria.StartApplication--> Step 3: Enter output file name:
27/02/2021 10:46:35 INFO uninsubria.StartApplication--> -----------------------------------------------
27/02/2021 10:46:35 INFO uninsubria.StartApplication--> END
27/02/2021 10:47:11 INFO uninsubria.StartApplication--> START
27/02/2021 10:47:11 INFO uninsubria.StartApplication--> -----------------------------------------------
27/02/2021 10:47:11 INFO uninsubria.StartApplication--> Step 1: Enter the path to File or Directory:
27/02/2021 10:47:16 INFO uninsubria.StartApplication--> Directory/File does not exist!
27/02/2021 10:47:16 INFO uninsubria.StartApplication--> Retry (S/N) ?
27/02/2021 10:47:17 INFO uninsubria.StartApplication--> Step 2: Enter the path to the output directory:
27/02/2021 10:47:17 INFO uninsubria.StartApplication--> Step 3: Enter output file name:
27/02/2021 10:47:17 INFO uninsubria.StartApplication--> -----------------------------------------------
27/02/2021 10:47:17 INFO uninsubria.StartApplication--> END
27/02/2021 10:48:42 INFO uninsubria.StartApplication--> START
27/02/2021 10:48:42 INFO uninsubria.StartApplication--> -----------------------------------------------
27/02/2021 10:48:42 INFO uninsubria.StartApplication--> Step 1: Enter the path to File or Directory:
27/02/2021 10:48:45 INFO uninsubria.StartApplication--> Directory/File does not exist!
27/02/2021 10:48:45 INFO uninsubria.StartApplication--> Retry (S/N) ?
27/02/2021 10:48:47 INFO uninsubria.StartApplication--> Step 2: Enter the path to the output directory:
27/02/2021 10:53:13 INFO uninsubria.StartApplication--> START
27/02/2021 10:53:13 INFO uninsubria.StartApplication--> -----------------------------------------------
27/02/2021 10:53:13 INFO uninsubria.StartApplication--> Step 1: Enter the path to File or Directory:
27/02/2021 10:53:16 INFO uninsubria.StartApplication--> Directory/File does not exist!
27/02/2021 10:53:16 INFO uninsubria.StartApplication--> Retry (S/N) ?
27/02/2021 10:53:42 INFO uninsubria.StartApplication--> START
27/02/2021 10:53:42 INFO uninsubria.StartApplication--> -----------------------------------------------
27/02/2021 10:53:42 INFO uninsubria.StartApplication--> Step 1: Enter the path to File or Directory:
27/02/2021 10:53:44 INFO uninsubria.StartApplication--> Directory/File does not exist!
27/02/2021 10:53:44 INFO uninsubria.StartApplication--> Retry (S/N) ?
27/02/2021 10:54:13 INFO uninsubria.StartApplication--> START
27/02/2021 10:54:13 INFO uninsubria.StartApplication--> -----------------------------------------------
27/02/2021 10:54:13 INFO uninsubria.StartApplication--> Step 1: Enter the path to File or Directory:
27/02/2021 10:54:17 INFO uninsubria.StartApplication--> Directory/File does not exist!
27/02/2021 10:54:17 INFO uninsubria.StartApplication--> Retry (S/N) ?
27/02/2021 10:55:07 INFO uninsubria.StartApplication--> START
27/02/2021 10:55:07 INFO uninsubria.StartApplication--> -----------------------------------------------
27/02/2021 10:55:07 INFO uninsubria.StartApplication--> Step 1: Enter the path to File or Directory:
27/02/2021 10:55:11 INFO uninsubria.StartApplication--> Directory/File does not exist!
27/02/2021 10:55:11 INFO uninsubria.StartApplication--> Retry (S/N) ?
27/02/2021 10:55:12 INFO uninsubria.StartApplication--> Step 1: Enter the path to File or Directory:
27/02/2021 10:55:16 INFO uninsubria.StartApplication--> Directory/File does not exist!
27/02/2021 10:55:16 INFO uninsubria.StartApplication--> Retry (S/N) ?
27/02/2021 10:55:26 INFO uninsubria.StartApplication--> START
27/02/2021 10:55:26 INFO uninsubria.StartApplication--> -----------------------------------------------
27/02/2021 10:55:26 INFO uninsubria.StartApplication--> Step 1: Enter the path to File or Directory:
27/02/2021 10:55:50 INFO uninsubria.StartApplication--> Step 2: Enter the path to the output directory:
27/02/2021 10:57:34 INFO uninsubria.StartApplication--> START
27/02/2021 10:57:34 INFO uninsubria.StartApplication--> -----------------------------------------------
27/02/2021 10:57:34 INFO uninsubria.StartApplication--> Step 1: Enter the path to File or Directory:
27/02/2021 10:57:37 INFO uninsubria.StartApplication--> Step 2: Enter the path to the output directory:
27/02/2021 10:59:03 INFO uninsubria.StartApplication--> START
27/02/2021 10:59:03 INFO uninsubria.StartApplication--> -----------------------------------------------
27/02/2021 10:59:03 INFO uninsubria.StartApplication--> Step 1: Enter the path to File or Directory:
27/02/2021 10:59:11 INFO uninsubria.StartApplication--> Step 2: Enter the path to the output directory:
27/02/2021 11:00:02 INFO uninsubria.StartApplication--> START
27/02/2021 11:00:02 INFO uninsubria.StartApplication--> -----------------------------------------------
27/02/2021 11:00:02 INFO uninsubria.StartApplication--> Step 1: Enter the path to File or Directory:
27/02/2021 11:00:11 INFO uninsubria.StartApplication--> Step 2: Enter the path to the output directory:
27/02/2021 11:13:15 INFO uninsubria.StartApplication--> START
27/02/2021 11:13:15 INFO uninsubria.StartApplication--> -----------------------------------------------
27/02/2021 11:13:15 INFO uninsubria.StartApplication--> Step 1: Enter the path to File or Directory:
27/02/2021 11:13:18 INFO uninsubria.StartApplication--> Directory/File does not exist!
27/02/2021 11:13:18 INFO uninsubria.StartApplication--> Retry (S/N) ?
27/02/2021 11:13:18 INFO uninsubria.StartApplication--> Step 2: Enter the path to the output directory:
27/02/2021 11:14:31 INFO uninsubria.StartApplication--> START
27/02/2021 11:14:31 INFO uninsubria.StartApplication--> -----------------------------------------------
27/02/2021 11:14:31 INFO uninsubria.StartApplication--> Step 1: Enter the path to File or Directory:
27/02/2021 11:14:33 INFO uninsubria.StartApplication--> Directory/File does not exist!
27/02/2021 11:14:33 INFO uninsubria.StartApplication--> Retry (S/N) ?
27/02/2021 11:14:33 INFO uninsubria.StartApplication--> Step 3: Enter output file name:
27/02/2021 11:14:46 INFO uninsubria.StartApplication--> START
27/02/2021 11:14:46 INFO uninsubria.StartApplication--> -----------------------------------------------
27/02/2021 11:14:46 INFO uninsubria.StartApplication--> Step 1: Enter the path to File or Directory:
27/02/2021 11:14:48 INFO uninsubria.StartApplication--> Directory/File does not exist!
27/02/2021 11:14:48 INFO uninsubria.StartApplication--> Retry (S/N) ?
27/02/2021 11:14:48 INFO uninsubria.StartApplication--> -----------------------------------------------
27/02/2021 11:14:48 INFO uninsubria.StartApplication--> END
27/02/2021 11:15:18 INFO uninsubria.StartApplication--> START
27/02/2021 11:15:18 INFO uninsubria.StartApplication--> -----------------------------------------------
27/02/2021 11:15:18 INFO uninsubria.StartApplication--> Step 1: Enter the path to File or Directory:
27/02/2021 11:15:20 INFO uninsubria.StartApplication--> -----------------------------------------------
27/02/2021 11:15:20 INFO uninsubria.StartApplication--> END
27/02/2021 11:15:35 INFO uninsubria.StartApplication--> START
27/02/2021 11:15:35 INFO uninsubria.StartApplication--> -----------------------------------------------
27/02/2021 11:15:35 INFO uninsubria.StartApplication--> Step 1: Enter the path to File or Directory:
27/02/2021 11:15:37 INFO uninsubria.StartApplication--> Directory/File does not exist!
27/02/2021 11:15:37 INFO uninsubria.StartApplication--> Retry (S/N) ?
27/02/2021 11:15:52 INFO uninsubria.StartApplication--> START
27/02/2021 11:15:52 INFO uninsubria.StartApplication--> -----------------------------------------------
27/02/2021 11:15:52 INFO uninsubria.StartApplication--> Step 1: Enter the path to File or Directory:
27/02/2021 11:15:55 INFO uninsubria.StartApplication--> Step 2: Enter the path to the output directory:
27/02/2021 11:16:28 INFO uninsubria.StartApplication--> START
27/02/2021 11:16:28 INFO uninsubria.StartApplication--> -----------------------------------------------
27/02/2021 11:16:28 INFO uninsubria.StartApplication--> Step 1: Enter the path to File or Directory:
27/02/2021 11:16:30 INFO uninsubria.StartApplication--> Step 2: Enter the path to the output directory:
27/02/2021 11:17:13 INFO uninsubria.StartApplication--> START
27/02/2021 11:17:13 INFO uninsubria.StartApplication--> -----------------------------------------------
27/02/2021 11:17:13 INFO uninsubria.StartApplication--> Step 1: Enter the path to File or Directory:
27/02/2021 11:17:16 INFO uninsubria.StartApplication--> Step 2: Enter the path to the output directory:
27/02/2021 11:24:19 INFO uninsubria.StartApplication--> START
27/02/2021 11:24:19 INFO uninsubria.StartApplication--> -----------------------------------------------
27/02/2021 11:24:19 INFO uninsubria.StartApplication--> Step 1: Enter the path to File or Directory:
27/02/2021 11:24:41 INFO uninsubria.StartApplication--> START
27/02/2021 11:24:41 INFO uninsubria.StartApplication--> -----------------------------------------------
27/02/2021 11:24:41 INFO uninsubria.StartApplication--> Step 1: Enter the path to File or Directory:
27/02/2021 11:24:49 INFO uninsubria.StartApplication--> Step 2: Enter the path to the output directory:
27/02/2021 11:30:01 INFO uninsubria.StartApplication--> START
27/02/2021 11:30:01 INFO uninsubria.StartApplication--> -----------------------------------------------
27/02/2021 11:30:01 INFO uninsubria.StartApplication--> Step 1: Enter the path to File or Directory:
27/02/2021 11:30:11 INFO uninsubria.StartApplication--> START
27/02/2021 11:30:11 INFO uninsubria.StartApplication--> -----------------------------------------------
27/02/2021 11:30:11 INFO uninsubria.StartApplication--> Step 1: Enter the path to File or Directory:
27/02/2021 11:30:16 INFO uninsubria.StartApplication--> Step 2: Enter the path to the output directory:
27/02/2021 11:34:13 INFO uninsubria.StartApplication--> START
27/02/2021 11:34:13 INFO uninsubria.StartApplication--> -----------------------------------------------
27/02/2021 11:34:13 INFO uninsubria.StartApplication--> Step 1: Enter the path to File or Directory:
27/02/2021 11:34:17 INFO uninsubria.StartApplication--> Directory/File does not exist!
27/02/2021 11:34:17 INFO uninsubria.StartApplication--> Retry (S/N) ?
27/02/2021 11:34:19 INFO uninsubria.StartApplication--> Step 1: Enter the path to File or Directory:
27/02/2021 11:34:25 INFO uninsubria.StartApplication--> Step 1: Enter the path to File or Directory:
27/02/2021 11:34:30 INFO uninsubria.StartApplication--> Directory/File does not exist!
27/02/2021 11:34:30 INFO uninsubria.StartApplication--> Retry (S/N) ?
27/02/2021 11:34:34 INFO uninsubria.StartApplication--> Step 2: Enter the path to the output directory:
27/02/2021 11:34:55 INFO uninsubria.StartApplication--> START
27/02/2021 11:34:55 INFO uninsubria.StartApplication--> -----------------------------------------------
27/02/2021 11:34:55 INFO uninsubria.StartApplication--> Step 1: Enter the path to File or Directory:
27/02/2021 11:34:58 INFO uninsubria.StartApplication--> Step 2: Enter the path to the output directory:
27/02/2021 11:38:02 INFO uninsubria.StartApplication--> START
27/02/2021 11:38:02 INFO uninsubria.StartApplication--> -----------------------------------------------
27/02/2021 11:38:02 INFO uninsubria.StartApplication--> Step 1: Enter the path to File or Directory:
27/02/2021 11:38:09 INFO uninsubria.StartApplication--> START
27/02/2021 11:38:09 INFO uninsubria.StartApplication--> -----------------------------------------------
27/02/2021 11:38:09 INFO uninsubria.StartApplication--> Step 1: Enter the path to File or Directory:
27/02/2021 11:38:12 INFO uninsubria.StartApplication--> Step 2: Enter the path to the output directory:
27/02/2021 11:43:05 INFO uninsubria.StartApplication--> START
27/02/2021 11:43:05 INFO uninsubria.StartApplication--> -----------------------------------------------
27/02/2021 11:43:05 INFO uninsubria.StartApplication--> Step 1: Enter the path to File or Directory:
27/02/2021 11:43:11 INFO uninsubria.StartApplication--> Step 2: Enter the path to the output directory:
27/02/2021 11:43:40 INFO uninsubria.StartApplication--> START
27/02/2021 11:43:40 INFO uninsubria.StartApplication--> -----------------------------------------------
27/02/2021 11:43:40 INFO uninsubria.StartApplication--> Step 1: Enter the path to File or Directory:
27/02/2021 11:43:42 INFO uninsubria.StartApplication--> Step 2: Enter the path to the output directory:
27/02/2021 11:46:56 INFO uninsubria.StartApplication--> START
27/02/2021 11:46:56 INFO uninsubria.StartApplication--> -----------------------------------------------
27/02/2021 11:46:56 INFO uninsubria.StartApplication--> Step 1: Enter the path to File or Directory:
27/02/2021 11:47:02 INFO uninsubria.StartApplication--> Step 2: Enter the path to the output directory:
27/02/2021 11:47:06 INFO uninsubria.StartApplication--> Directory does not exist!
27/02/2021 11:47:06 INFO uninsubria.StartApplication--> Retry (S/N) ?
27/02/2021 11:48:39 INFO uninsubria.StartApplication--> START
27/02/2021 11:48:39 INFO uninsubria.StartApplication--> -----------------------------------------------
27/02/2021 11:48:39 INFO uninsubria.StartApplication--> Step 1: Enter the path to File or Directory:
27/02/2021 11:48:44 INFO uninsubria.StartApplication--> Directory/File does not exist!
27/02/2021 11:48:44 INFO uninsubria.StartApplication--> Retry (S/N) ?
27/02/2021 11:48:45 INFO uninsubria.StartApplication--> Step 2: Enter the path to the output directory:
27/02/2021 11:49:16 INFO uninsubria.StartApplication--> START
27/02/2021 11:49:16 INFO uninsubria.StartApplication--> -----------------------------------------------
27/02/2021 11:49:16 INFO uninsubria.StartApplication--> Step 1: Enter the path to File or Directory:
27/02/2021 11:49:18 INFO uninsubria.StartApplication--> Directory/File does not exist!
27/02/2021 11:49:18 INFO uninsubria.StartApplication--> Retry (S/N) ?
27/02/2021 11:49:18 INFO uninsubria.StartApplication--> Step 2: Enter the path to the output directory:
27/02/2021 11:52:47 INFO uninsubria.StartApplication--> START
27/02/2021 11:52:47 INFO uninsubria.StartApplication--> -----------------------------------------------
27/02/2021 11:52:47 INFO uninsubria.StartApplication--> Step 1: Enter the path to File or Directory:
27/02/2021 11:52:53 INFO uninsubria.StartApplication--> Step 2: Enter the path to the output directory:
27/02/2021 11:52:55 INFO uninsubria.StartApplication--> Step 3: Enter output file name:
27/02/2021 11:55:07 INFO uninsubria.StartApplication--> START
27/02/2021 11:55:07 INFO uninsubria.StartApplication--> -----------------------------------------------
27/02/2021 11:55:07 INFO uninsubria.StartApplication--> Step 1: Enter the path to File or Directory:
27/02/2021 11:55:14 INFO uninsubria.StartApplication--> START
27/02/2021 11:55:14 INFO uninsubria.StartApplication--> -----------------------------------------------
27/02/2021 11:55:14 INFO uninsubria.StartApplication--> Step 1: Enter the path to File or Directory:
27/02/2021 11:55:18 INFO uninsubria.StartApplication--> Step 2: Enter the path to the output directory:
27/02/2021 11:55:20 INFO uninsubria.StartApplication--> Directory does not exist!
27/02/2021 11:55:20 INFO uninsubria.StartApplication--> Retry (S/N) ?
